<?xml version="1.0" encoding="UTF-8"?>
<testng-results ignored="3" total="5" passed="2" failed="0" skipped="0">
  <reporter-output>
  </reporter-output>
  <suite started-at="2026-02-10T11:57:49 IST" name="Suite" finished-at="2026-02-10T11:58:13 IST" duration-ms="23282">
    <groups>
      <group name="Purchase">
        <method signature="SubmitOrderTest.submitOrder(java.util.HashMap)[pri:0, instance:rahulshettyacademy.tests.SubmitOrderTest@408d971b]" name="submitOrder" class="rahulshettyacademy.tests.SubmitOrderTest"/>
      </group> <!-- Purchase -->
    </groups>
    <test started-at="2026-02-10T11:57:49 IST" name="ErrorValidations Test" finished-at="2026-02-10T11:57:49 IST" duration-ms="14">
    </test> <!-- ErrorValidations Test -->
    <test started-at="2026-02-10T11:57:49 IST" name="Submit Order Test" finished-at="2026-02-10T11:58:13 IST" duration-ms="23282">
      <class name="rahulshettyacademy.tests.SubmitOrderTest">
        <test-method is-config="true" signature="launchApplication()[pri:0, instance:rahulshettyacademy.tests.SubmitOrderTest@408d971b]" started-at="2026-02-10T11:57:50 IST" name="launchApplication" finished-at="2026-02-10T11:57:57 IST" duration-ms="7232" status="PASS">
          <reporter-output>
          </reporter-output>
        </test-method> <!-- launchApplication -->
        <test-method signature="submitOrder(java.util.HashMap)[pri:0, instance:rahulshettyacademy.tests.SubmitOrderTest@408d971b]" started-at="2026-02-10T11:57:57 IST" name="submitOrder" data-provider="getData" finished-at="2026-02-10T11:58:02 IST" duration-ms="4853" status="PASS">
          <params>
            <param index="0">
              <value>
                <![CDATA[{password=Hello123@, product=ADIDAS ORIGINAL, email=chandujadhav96k+1204@gmail.com}]]>
              </value>
            </param>
          </params>
          <reporter-output>
          </reporter-output>
        </test-method> <!-- submitOrder -->
        <test-method is-config="true" signature="tearDown()[pri:0, instance:rahulshettyacademy.tests.SubmitOrderTest@408d971b]" started-at="2026-02-10T11:58:02 IST" name="tearDown" finished-at="2026-02-10T11:58:03 IST" duration-ms="919" status="PASS">
          <reporter-output>
          </reporter-output>
        </test-method> <!-- tearDown -->
        <test-method is-config="true" signature="launchApplication()[pri:0, instance:rahulshettyacademy.tests.SubmitOrderTest@408d971b]" started-at="2026-02-10T11:58:03 IST" name="launchApplication" finished-at="2026-02-10T11:58:07 IST" duration-ms="4776" status="PASS">
          <reporter-output>
          </reporter-output>
        </test-method> <!-- launchApplication -->
        <test-method signature="submitOrder(java.util.HashMap)[pri:0, instance:rahulshettyacademy.tests.SubmitOrderTest@408d971b]" started-at="2026-02-10T11:58:07 IST" name="submitOrder" data-provider="getData" finished-at="2026-02-10T11:58:12 IST" duration-ms="4432" status="PASS">
          <params>
            <param index="0">
              <value>
                <![CDATA[{password=Hello123@, product=ADIDAS ORIGINAL, email=chandujadhav96k+1204@gmail.com}]]>
              </value>
            </param>
          </params>
          <reporter-output>
          </reporter-output>
        </test-method> <!-- submitOrder -->
        <test-method is-config="true" signature="tearDown()[pri:0, instance:rahulshettyacademy.tests.SubmitOrderTest@408d971b]" started-at="2026-02-10T11:58:12 IST" name="tearDown" finished-at="2026-02-10T11:58:13 IST" duration-ms="652" status="PASS">
          <reporter-output>
          </reporter-output>
        </test-method> <!-- tearDown -->
      </class> <!-- rahulshettyacademy.tests.SubmitOrderTest -->
    </test> <!-- Submit Order Test -->
  </suite> <!-- Suite -->
</testng-results>
