<?xml version="1.0" encoding="UTF-8"?>
<testng-results ignored="3" total="4" passed="1" failed="0" skipped="0">
  <reporter-output>
  </reporter-output>
  <suite started-at="2026-02-06T18:22:39 IST" name="Suite" finished-at="2026-02-06T18:22:51 IST" duration-ms="11860">
    <groups>
      <group name="ErrorHandling">
        <method signature="ErrorValidationsTest.loginErrorValidation()[pri:0, instance:rahulshettyacademy.tests.ErrorValidationsTest@6ad82709]" name="loginErrorValidation" class="rahulshettyacademy.tests.ErrorValidationsTest"/>
      </group> <!-- ErrorHandling -->
    </groups>
    <test started-at="2026-02-06T18:22:39 IST" name="Submit Order Test" finished-at="2026-02-06T18:22:39 IST" duration-ms="19">
    </test> <!-- Submit Order Test -->
    <test started-at="2026-02-06T18:22:39 IST" name="ErrorValidations Test" finished-at="2026-02-06T18:22:51 IST" duration-ms="11860">
      <class name="rahulshettyacademy.tests.ErrorValidationsTest">
        <test-method is-config="true" signature="launchApplication()[pri:0, instance:rahulshettyacademy.tests.ErrorValidationsTest@6ad82709]" started-at="2026-02-06T18:22:39 IST" name="launchApplication" finished-at="2026-02-06T18:22:49 IST" duration-ms="9880" status="PASS">
          <reporter-output>
          </reporter-output>
        </test-method> <!-- launchApplication -->
        <test-method signature="loginErrorValidation()[pri:0, instance:rahulshettyacademy.tests.ErrorValidationsTest@6ad82709]" started-at="2026-02-06T18:22:49 IST" name="loginErrorValidation" finished-at="2026-02-06T18:22:50 IST" duration-ms="931" status="PASS">
          <reporter-output>
          </reporter-output>
        </test-method> <!-- loginErrorValidation -->
        <test-method is-config="true" signature="tearDown()[pri:0, instance:rahulshettyacademy.tests.ErrorValidationsTest@6ad82709]" started-at="2026-02-06T18:22:50 IST" name="tearDown" finished-at="2026-02-06T18:22:51 IST" duration-ms="941" status="PASS">
          <reporter-output>
          </reporter-output>
        </test-method> <!-- tearDown -->
      </class> <!-- rahulshettyacademy.tests.ErrorValidationsTest -->
    </test> <!-- ErrorValidations Test -->
  </suite> <!-- Suite -->
</testng-results>
