<?xml version="1.0" encoding="UTF-8"?>
<testng-results ignored="3" total="5" passed="2" failed="0" skipped="0">
  <reporter-output>
  </reporter-output>
  <suite started-at="2026-02-09T18:06:37 IST" name="Suite" finished-at="2026-02-09T18:06:59 IST" duration-ms="22562">
    <groups>
      <group name="Purchase">
        <method signature="SubmitOrderTest.submitOrder(java.util.HashMap)[pri:0, instance:rahulshettyacademy.tests.SubmitOrderTest@28701274]" name="submitOrder" class="rahulshettyacademy.tests.SubmitOrderTest"/>
      </group> <!-- Purchase -->
    </groups>
    <test started-at="2026-02-09T18:06:37 IST" name="ErrorValidations Test" finished-at="2026-02-09T18:06:37 IST" duration-ms="18">
    </test> <!-- ErrorValidations Test -->
    <test started-at="2026-02-09T18:06:37 IST" name="Submit Order Test" finished-at="2026-02-09T18:06:59 IST" duration-ms="22562">
      <class name="rahulshettyacademy.tests.SubmitOrderTest">
        <test-method is-config="true" signature="launchApplication()[pri:0, instance:rahulshettyacademy.tests.SubmitOrderTest@28701274]" started-at="2026-02-09T18:06:37 IST" name="launchApplication" finished-at="2026-02-09T18:06:46 IST" duration-ms="9291" status="PASS">
          <reporter-output>
          </reporter-output>
        </test-method> <!-- launchApplication -->
        <test-method signature="submitOrder(java.util.HashMap)[pri:0, instance:rahulshettyacademy.tests.SubmitOrderTest@28701274]" started-at="2026-02-09T18:06:46 IST" name="submitOrder" data-provider="getData" finished-at="2026-02-09T18:06:51 IST" duration-ms="4511" status="PASS">
          <params>
            <param index="0">
              <value>
                <![CDATA[{password=Hello123@, product=ADIDAS ORIGINAL, email=chandujadhav96k+1204@gmail.com}]]>
              </value>
            </param>
          </params>
          <reporter-output>
          </reporter-output>
        </test-method> <!-- submitOrder -->
        <test-method is-config="true" signature="tearDown()[pri:0, instance:rahulshettyacademy.tests.SubmitOrderTest@28701274]" started-at="2026-02-09T18:06:51 IST" name="tearDown" finished-at="2026-02-09T18:06:51 IST" duration-ms="513" status="PASS">
          <reporter-output>
          </reporter-output>
        </test-method> <!-- tearDown -->
        <test-method is-config="true" signature="launchApplication()[pri:0, instance:rahulshettyacademy.tests.SubmitOrderTest@28701274]" started-at="2026-02-09T18:06:51 IST" name="launchApplication" finished-at="2026-02-09T18:06:55 IST" duration-ms="3297" status="PASS">
          <reporter-output>
          </reporter-output>
        </test-method> <!-- launchApplication -->
        <test-method signature="submitOrder(java.util.HashMap)[pri:0, instance:rahulshettyacademy.tests.SubmitOrderTest@28701274]" started-at="2026-02-09T18:06:55 IST" name="submitOrder" data-provider="getData" finished-at="2026-02-09T18:06:59 IST" duration-ms="4195" status="PASS">
          <params>
            <param index="0">
              <value>
                <![CDATA[{password=Hello123@, product=ADIDAS ORIGINAL, email=chandujadhav96k+1204@gmail.com}]]>
              </value>
            </param>
          </params>
          <reporter-output>
          </reporter-output>
        </test-method> <!-- submitOrder -->
        <test-method is-config="true" signature="tearDown()[pri:0, instance:rahulshettyacademy.tests.SubmitOrderTest@28701274]" started-at="2026-02-09T18:06:59 IST" name="tearDown" finished-at="2026-02-09T18:06:59 IST" duration-ms="660" status="PASS">
          <reporter-output>
          </reporter-output>
        </test-method> <!-- tearDown -->
      </class> <!-- rahulshettyacademy.tests.SubmitOrderTest -->
    </test> <!-- Submit Order Test -->
  </suite> <!-- Suite -->
</testng-results>
