<?xml version="1.0" encoding="UTF-8"?>
<!-- Generated by org.testng.reporters.JUnitReportReporter -->
<testsuite hostname="DESKTOP-MVABSDP" failures="0" tests="2" name="rahulshettyacademy.tests.SubmitOrderTest" time="22.467" errors="0" timestamp="2026-02-09T18:07:00 IST" skipped="0">
  <testcase classname="rahulshettyacademy.tests.SubmitOrderTest" name="submitOrder" time="8.152"/>
  <testcase classname="rahulshettyacademy.tests.SubmitOrderTest" name="submitOrder" time="14.315"/>
</testsuite> <!-- rahulshettyacademy.tests.SubmitOrderTest -->
