<?xml version="1.0" encoding="UTF-8"?>
<!-- Generated by org.testng.reporters.JUnitReportReporter -->
<testsuite hostname="DESKTOP-MVABSDP" failures="0" tests="3" name="rahulshettyacademy.tests.SubmitOrderTest" time="38.230" errors="0" timestamp="2026-02-11T14:38:44 IST" skipped="0">
  <testcase classname="rahulshettyacademy.tests.SubmitOrderTest" name="OrderHistoryTest" time="11.229"/>
  <testcase classname="rahulshettyacademy.tests.SubmitOrderTest" name="submitOrder" time="14.388"/>
  <testcase classname="rahulshettyacademy.tests.SubmitOrderTest" name="submitOrder" time="12.613"/>
</testsuite> <!-- rahulshettyacademy.tests.SubmitOrderTest -->
