<?xml version="1.0" encoding="UTF-8"?>
<!-- Generated by org.testng.reporters.JUnitReportReporter -->
<testsuite hostname="DESKTOP-MVABSDP" failures="0" tests="2" name="rahulshettyacademy.tests.SubmitOrderTest" time="22.864" errors="0" timestamp="2026-02-10T11:58:13 IST" skipped="0">
  <testcase classname="rahulshettyacademy.tests.SubmitOrderTest" name="submitOrder" time="12.316"/>
  <testcase classname="rahulshettyacademy.tests.SubmitOrderTest" name="submitOrder" time="10.548"/>
</testsuite> <!-- rahulshettyacademy.tests.SubmitOrderTest -->
