<?xml version="1.0" encoding="UTF-8"?>
<!-- Generated by org.testng.reporters.JUnitReportReporter -->
<testsuite hostname="DESKTOP-MVABSDP" failures="0" tests="2" name="rahulshettyacademy.tests.SubmitOrderTest" time="29.154" errors="0" timestamp="2026-02-06T18:09:23 IST" skipped="0">
  <testcase classname="rahulshettyacademy.tests.SubmitOrderTest" name="OrderHistoryTest" time="13.643"/>
  <testcase classname="rahulshettyacademy.tests.SubmitOrderTest" name="submitOrder" time="15.511"/>
</testsuite> <!-- rahulshettyacademy.tests.SubmitOrderTest -->
